<?xml version="1.0" encoding="UTF-8"?>
<testng-results skipped="0" failed="0" total="1" passed="1">
  <reporter-output>
  </reporter-output>
  <suite name="suite" duration-ms="31489" started-at="2016-10-19T07:07:45Z" finished-at="2016-10-19T07:08:16Z">
    <groups>
    </groups>
    <test name="Regression1" duration-ms="31489" started-at="2016-10-19T07:07:45Z" finished-at="2016-10-19T07:08:16Z">
      <class name="HWL.COM.helloworld.TestBrowsers">
        <test-method status="PASS" signature="before()[pri:0, instance:HWL.COM.helloworld.TestBrowsers@ee1fdae]" name="before" is-config="true" duration-ms="12992" started-at="2016-10-19T15:07:45Z" finished-at="2016-10-19T15:07:58Z">
          <reporter-output>
          </reporter-output>
        </test-method> <!-- before -->
        <test-method status="PASS" signature="SelectItemFromDropDownList()[pri:0, instance:HWL.COM.helloworld.TestBrowsers@ee1fdae]" name="SelectItemFromDropDownList" duration-ms="18486" started-at="2016-10-19T15:07:58Z" finished-at="2016-10-19T15:08:16Z">
          <reporter-output>
          </reporter-output>
        </test-method> <!-- SelectItemFromDropDownList -->
      </class> <!-- HWL.COM.helloworld.TestBrowsers -->
    </test> <!-- Regression1 -->
  </suite> <!-- suite -->
</testng-results>
